  Main.cpp
D:\ImageDisplay\ImageDisplay\Main.cpp(139,8): warning C4101: “filepoint”: 未引用的局部变量
D:\ImageDisplay\ImageDisplay\Main.cpp(291,20): warning C4305: “初始化”: 从“double”到“float”截断
D:\ImageDisplay\ImageDisplay\Main.cpp(298,171): warning C4244: “参数”: 从“double”转换到“const float”，可能丢失数据
D:\ImageDisplay\ImageDisplay\Main.cpp(298,110): warning C4244: “参数”: 从“double”转换到“const float”，可能丢失数据
D:\ImageDisplay\ImageDisplay\Main.cpp(309,29): warning C4018: “<”: 有符号/无符号不匹配
D:\ImageDisplay\ImageDisplay\Main.cpp(312,30): warning C4018: “<”: 有符号/无符号不匹配
D:\ImageDisplay\ImageDisplay\Main.cpp(323,22): warning C4244: “初始化”: 从“double”转换到“float”，可能丢失数据
D:\ImageDisplay\ImageDisplay\Main.cpp(324,22): warning C4244: “初始化”: 从“double”转换到“float”，可能丢失数据
D:\ImageDisplay\ImageDisplay\Main.cpp(391,24): warning C4244: “初始化”: 从“double”转换到“float”，可能丢失数据
D:\ImageDisplay\ImageDisplay\Main.cpp(392,20): warning C4244: “初始化”: 从“double”转换到“float”，可能丢失数据
D:\ImageDisplay\ImageDisplay\Main.cpp(393,19): warning C4244: “初始化”: 从“double”转换到“float”，可能丢失数据
D:\ImageDisplay\ImageDisplay\Main.cpp(394,20): warning C4244: “初始化”: 从“double”转换到“float”，可能丢失数据
D:\ImageDisplay\ImageDisplay\Main.cpp(486,34): warning C4244: “参数”: 从“int”转换到“const float”，可能丢失数据
D:\ImageDisplay\ImageDisplay\Main.cpp(486,50): warning C4244: “参数”: 从“int”转换到“const float”，可能丢失数据
D:\ImageDisplay\ImageDisplay\Main.cpp(489,52): warning C4244: “参数”: 从“double”转换到“_Ty”，可能丢失数据
          with
          [
              _Ty=int
          ]
D:\ImageDisplay\ImageDisplay\Main.cpp(490,52): warning C4244: “参数”: 从“double”转换到“_Ty”，可能丢失数据
          with
          [
              _Ty=int
          ]
D:\ImageDisplay\ImageDisplay\Main.cpp(491,52): warning C4244: “参数”: 从“double”转换到“_Ty”，可能丢失数据
          with
          [
              _Ty=int
          ]
D:\ImageDisplay\ImageDisplay\Main.cpp(507,36): warning C4267: “初始化”: 从“size_t”转换到“unsigned int”，可能丢失数据
D:\ImageDisplay\ImageDisplay\Main.cpp(508,40): warning C4267: “初始化”: 从“size_t”转换到“unsigned int”，可能丢失数据
  ImageDisplay.vcxproj -> D:\ImageDisplay\x64\Debug\ImageDisplay.exe
